[    0.000000] Linux version 4.15.0-124-generic (buildd@lgw01-amd64-029) (gcc version 7.5.0 (Ubuntu 7.5.0-3ubuntu1~18.04)) #127-Ubuntu SMP Fri Nov 6 10:54:43 UTC 2020 (Ubuntu 4.15.0-124.127-generic 4.15.18)
[    0.000000] Command line: BOOT_IMAGE=/boot/vmlinuz-4.15.0-124-generic root=LABEL=cloudimg-rootfs ro console=tty1 console=ttyS0
[    0.000000] KERNEL supported cpus:
[    0.000000]   Intel GenuineIntel
[    0.000000]   AMD AuthenticAMD
[    0.000000]   Centaur CentaurHauls
[    0.000000] x86/fpu: Supporting XSAVE feature 0x001: 'x87 floating point registers'
[    0.000000] x86/fpu: Supporting XSAVE feature 0x002: 'SSE registers'
[    0.000000] x86/fpu: Supporting XSAVE feature 0x004: 'AVX registers'
[    0.000000] x86/fpu: xstate_offset[2]:  576, xstate_sizes[2]:  256
[    0.000000] x86/fpu: Enabled xstate features 0x7, context size is 832 bytes, using 'standard' format.
[    0.000000] e820: BIOS-provided physical RAM map:
[    0.000000] BIOS-e820: [mem 0x0000000000000000-0x000000000009fbff] usable
[    0.000000] BIOS-e820: [mem 0x000000000009fc00-0x000000000009ffff] reserved
[    0.000000] BIOS-e820: [mem 0x00000000000f0000-0x00000000000fffff] reserved
[    0.000000] BIOS-e820: [mem 0x0000000000100000-0x000000003ffeffff] usable
[    0.000000] BIOS-e820: [mem 0x000000003fff0000-0x000000003fffffff] ACPI data
[    0.000000] BIOS-e820: [mem 0x00000000fec00000-0x00000000fec00fff] reserved
[    0.000000] BIOS-e820: [mem 0x00000000fee00000-0x00000000fee00fff] reserved
[    0.000000] BIOS-e820: [mem 0x00000000fffc0000-0x00000000ffffffff] reserved
[    0.000000] NX (Execute Disable) protection: active
[    0.000000] SMBIOS 2.5 present.
[    0.000000] DMI: innotek GmbH VirtualBox/VirtualBox, BIOS VirtualBox 12/01/2006
[    0.000000] Hypervisor detected: KVM
[    0.000000] e820: last_pfn = 0x3fff0 max_arch_pfn = 0x400000000
[    0.000000] MTRR: Disabled
[    0.000000] x86/PAT: MTRRs disabled, skipping PAT initialization too.
[    0.000000] CPU MTRRs all blank - virtualized system.
[    0.000000] x86/PAT: Configuration [0-7]: WB  WT  UC- UC  WB  WT  UC- UC  
[    0.000000] found SMP MP-table at [mem 0x0009fff0-0x0009ffff]
[    0.000000] Scanning 1 areas for low memory corruption
[    0.000000] RAMDISK: [mem 0x35a67000-0x36d2afff]
[    0.000000] ACPI: Early table checksum verification disabled
[    0.000000] ACPI: RSDP 0x00000000000E0000 000024 (v02 VBOX  )
[    0.000000] ACPI: XSDT 0x000000003FFF0030 00003C (v01 VBOX   VBOXXSDT 00000001 ASL  00000061)
[    0.000000] ACPI: FACP 0x000000003FFF00F0 0000F4 (v04 VBOX   VBOXFACP 00000001 ASL  00000061)
[    0.000000] ACPI: DSDT 0x000000003FFF0470 002325 (v02 VBOX   VBOXBIOS 00000002 INTL 20120111)
[    0.000000] ACPI: FACS 0x000000003FFF0200 000040
[    0.000000] ACPI: FACS 0x000000003FFF0200 000040
[    0.000000] ACPI: APIC 0x000000003FFF0240 00005C (v02 VBOX   VBOXAPIC 00000001 ASL  00000061)
[    0.000000] ACPI: SSDT 0x000000003FFF02A0 0001CC (v01 VBOX   VBOXCPUT 00000002 INTL 20120111)
[    0.000000] No NUMA configuration found
[    0.000000] Faking a node at [mem 0x0000000000000000-0x000000003ffeffff]
[    0.000000] NODE_DATA(0) allocated [mem 0x3ffc5000-0x3ffeffff]
[    0.000000] kvm-clock: cpu 0, msr 0:3ff44001, primary cpu clock
[    0.000000] kvm-clock: Using msrs 4b564d01 and 4b564d00
[    0.000000] kvm-clock: using sched offset of 8151530499 cycles
[    0.000000] clocksource: kvm-clock: mask: 0xffffffffffffffff max_cycles: 0x1cd42e4dffb, max_idle_ns: 881590591483 ns
[    0.000000] Zone ranges:
[    0.000000]   DMA      [mem 0x0000000000001000-0x0000000000ffffff]
[    0.000000]   DMA32    [mem 0x0000000001000000-0x000000003ffeffff]
[    0.000000]   Normal   empty
[    0.000000]   Device   empty
[    0.000000] Movable zone start for each node
[    0.000000] Early memory node ranges
[    0.000000]   node   0: [mem 0x0000000000001000-0x000000000009efff]
[    0.000000]   node   0: [mem 0x0000000000100000-0x000000003ffeffff]
[    0.000000] Reserved but unavailable: 98 pages
[    0.000000] Initmem setup node 0 [mem 0x0000000000001000-0x000000003ffeffff]
[    0.000000] ACPI: PM-Timer IO Port: 0x4008
[    0.000000] IOAPIC[0]: apic_id 2, version 32, address 0xfec00000, GSI 0-23
[    0.000000] ACPI: INT_SRC_OVR (bus 0 bus_irq 0 global_irq 2 dfl dfl)
[    0.000000] ACPI: INT_SRC_OVR (bus 0 bus_irq 9 global_irq 9 low level)
[    0.000000] Using ACPI (MADT) for SMP configuration information
[    0.000000] smpboot: Allowing 2 CPUs, 0 hotplug CPUs
[    0.000000] PM: Registered nosave memory: [mem 0x00000000-0x00000fff]
[    0.000000] PM: Registered nosave memory: [mem 0x0009f000-0x0009ffff]
[    0.000000] PM: Registered nosave memory: [mem 0x000a0000-0x000effff]
[    0.000000] PM: Registered nosave memory: [mem 0x000f0000-0x000fffff]
[    0.000000] e820: [mem 0x40000000-0xfebfffff] available for PCI devices
[    0.000000] Booting paravirtualized kernel on KVM
[    0.000000] clocksource: refined-jiffies: mask: 0xffffffff max_cycles: 0xffffffff, max_idle_ns: 7645519600211568 ns
[    0.000000] random: get_random_bytes called from start_kernel+0x99/0x500 with crng_init=0
[    0.000000] setup_percpu: NR_CPUS:8192 nr_cpumask_bits:2 nr_cpu_ids:2 nr_node_ids:1
[    0.000000] percpu: Embedded 45 pages/cpu s147456 r8192 d28672 u1048576
[    0.000000] PV qspinlock hash table entries: 256 (order: 0, 4096 bytes)
[    0.000000] Built 1 zonelists, mobility grouping on.  Total pages: 257913
[    0.000000] Policy zone: DMA32
[    0.000000] Kernel command line: BOOT_IMAGE=/boot/vmlinuz-4.15.0-124-generic root=LABEL=cloudimg-rootfs ro console=tty1 console=ttyS0
[    0.000000] Memory: 983032K/1048120K available (12300K kernel code, 2482K rwdata, 4272K rodata, 2436K init, 2724K bss, 65088K reserved, 0K cma-reserved)
[    0.000000] SLUB: HWalign=64, Order=0-3, MinObjects=0, CPUs=2, Nodes=1
[    0.000000] Kernel/User page tables isolation: enabled
[    0.000000] ftrace: allocating 39402 entries in 154 pages
[    0.004000] Hierarchical RCU implementation.
[    0.004000] 	RCU restricting CPUs from NR_CPUS=8192 to nr_cpu_ids=2.
[    0.004000] 	Tasks RCU enabled.
[    0.004000] RCU: Adjusting geometry for rcu_fanout_leaf=16, nr_cpu_ids=2
[    0.004000] NR_IRQS: 524544, nr_irqs: 440, preallocated irqs: 16
[    0.004000] Console: colour VGA+ 80x25
[    0.004000] console [tty1] enabled
[    0.004000] console [ttyS0] enabled
[    0.004000] ACPI: Core revision 20170831
[    0.004000] ACPI: 2 ACPI AML tables successfully acquired and loaded
[    0.004000] APIC: Switch to symmetric I/O mode setup
[    0.004000] x2apic enabled
[    0.004000] Switched APIC routing to physical x2apic.
[    0.005249] ..TIMER: vector=0x30 apic1=0 pin1=2 apic2=-1 pin2=-1
[    0.008009] tsc: Detected 1599.999 MHz processor
[    0.012013] Calibrating delay loop (skipped) preset value.. 3199.99 BogoMIPS (lpj=6399996)
[    0.014698] pid_max: default: 32768 minimum: 301
[    0.016047] Security Framework initialized
[    0.017426] Yama: becoming mindful.
[    0.020033] AppArmor: AppArmor initialized
[    0.027165] Dentry cache hash table entries: 131072 (order: 8, 1048576 bytes)
[    0.028092] Inode-cache hash table entries: 65536 (order: 7, 524288 bytes)
[    0.032048] Mount-cache hash table entries: 2048 (order: 2, 16384 bytes)
[    0.036022] Mountpoint-cache hash table entries: 2048 (order: 2, 16384 bytes)
[    0.040340] Last level iTLB entries: 4KB 64, 2MB 8, 4MB 8
[    0.042276] Last level dTLB entries: 4KB 64, 2MB 0, 4MB 0, 1GB 4
[    0.044007] Spectre V1 : Mitigation: usercopy/swapgs barriers and __user pointer sanitization
[    0.048009] Spectre V2 : Mitigation: Full generic retpoline
[    0.052009] Spectre V2 : Spectre v2 / SpectreRSB mitigation: Filling RSB on context switch
[    0.056007] Speculative Store Bypass: Vulnerable
[    0.058803] SRBDS: Unknown: Dependent on hypervisor status
[    0.060008] MDS: Mitigation: Clear CPU buffers
[    0.062486] Freeing SMP alternatives memory: 36K
[    0.178790] smpboot: CPU0: Intel(R) Core(TM) i5-5250U CPU @ 1.60GHz (family: 0x6, model: 0x3d, stepping: 0x4)
[    0.180116] Performance Events: unsupported p6 CPU model 61 no PMU driver, software events only.
[    0.184105] Hierarchical SRCU implementation.
[    0.189088] NMI watchdog: Perf event create on CPU 0 failed with -2
[    0.192010] NMI watchdog: Perf NMI watchdog permanently disabled
[    0.196239] smp: Bringing up secondary CPUs ...
[    0.200118] x86: Booting SMP configuration:
[    0.202161] .... node  #0, CPUs:      #1
[    0.004000] kvm-clock: cpu 1, msr 0:3ff44041, secondary cpu clock
[    0.220012] smp: Brought up 1 node, 2 CPUs
[    0.222008] smpboot: Max logical packages: 1
[    0.224021] smpboot: Total of 2 processors activated (6399.99 BogoMIPS)
[    0.228682] devtmpfs: initialized
[    0.232101] x86/mm: Memory block size: 128MB
[    0.235470] evm: security.selinux
[    0.236023] evm: security.SMACK64
[    0.240010] evm: security.SMACK64EXEC
[    0.244011] evm: security.SMACK64TRANSMUTE
[    0.248013] evm: security.SMACK64MMAP
[    0.250300] evm: security.apparmor
[    0.252009] evm: security.ima
[    0.256008] evm: security.capability
[    0.258174] clocksource: jiffies: mask: 0xffffffff max_cycles: 0xffffffff, max_idle_ns: 7645041785100000 ns
[    0.260088] futex hash table entries: 512 (order: 3, 32768 bytes)
[    0.267015] pinctrl core: initialized pinctrl subsystem
[    0.272033] RTC time: 12:05:54, date: 11/26/20
[    0.280290] NET: Registered protocol family 16
[    0.284160] audit: initializing netlink subsys (disabled)
[    0.288091] audit: type=2000 audit(1606392363.754:1): state=initialized audit_enabled=0 res=1
[    0.292103] cpuidle: using governor ladder
[    0.296519] cpuidle: using governor menu
[    0.300098] ACPI: bus type PCI registered
[    0.304228] acpiphp: ACPI Hot Plug PCI Controller Driver version: 0.5
[    0.308254] PCI: Using configuration type 1 for base access
[    0.320178] HugeTLB registered 2.00 MiB page size, pre-allocated 0 pages
[    0.332313] ACPI: Added _OSI(Module Device)
[    0.336032] ACPI: Added _OSI(Processor Device)
[    0.338474] ACPI: Added _OSI(3.0 _SCP Extensions)
[    0.344022] ACPI: Added _OSI(Processor Aggregator Device)
[    0.352105] ACPI: Added _OSI(Linux-Dell-Video)
[    0.360254] ACPI: Added _OSI(Linux-Lenovo-NV-HDMI-Audio)
[    0.372017] ACPI: Added _OSI(Linux-HPI-Hybrid-Graphics)
[    0.388833] ACPI: Executed 1 blocks of module-level executable AML code
[    0.411601] ACPI: Interpreter enabled
[    0.424247] ACPI: (supports S0 S5)
[    0.428016] ACPI: Using IOAPIC for interrupt routing
[    0.441474] PCI: Using host bridge windows from ACPI; if necessary, use "pci=nocrs" and report a bug
[    0.457046] ACPI: Enabled 2 GPEs in block 00 to 07
[    0.497937] ACPI: PCI Root Bridge [PCI0] (domain 0000 [bus 00-ff])
[    0.512069] acpi PNP0A03:00: _OSC: OS supports [ASPM ClockPM Segments MSI]
[    0.526667] acpi PNP0A03:00: _OSC: not requesting OS control; OS requires [ExtendedConfig ASPM ClockPM MSI]
[    0.548041] acpi PNP0A03:00: fail to add MMCONFIG information, can't access extended PCI configuration space under this bridge.
[    0.565125] PCI host bridge to bus 0000:00
[    0.572012] pci_bus 0000:00: root bus resource [io  0x0000-0x0cf7 window]
[    0.576012] pci_bus 0000:00: root bus resource [io  0x0d00-0xffff window]
[    0.584012] pci_bus 0000:00: root bus resource [mem 0x000a0000-0x000bffff window]
[    0.604029] pci_bus 0000:00: root bus resource [mem 0x40000000-0xfdffffff window]
[    0.612019] pci_bus 0000:00: root bus resource [bus 00-ff]
[    0.636842] pci 0000:00:01.1: legacy IDE quirk: reg 0x10: [io  0x01f0-0x01f7]
[    0.648015] pci 0000:00:01.1: legacy IDE quirk: reg 0x14: [io  0x03f6]
[    0.660016] pci 0000:00:01.1: legacy IDE quirk: reg 0x18: [io  0x0170-0x0177]
[    0.664010] pci 0000:00:01.1: legacy IDE quirk: reg 0x1c: [io  0x0376]
[    0.718416] pci 0000:00:07.0: quirk: [io  0x4000-0x403f] claimed by PIIX4 ACPI
[    0.724027] pci 0000:00:07.0: quirk: [io  0x4100-0x410f] claimed by PIIX4 SMB
[    0.740468] ACPI: PCI Interrupt Link [LNKA] (IRQs 5 9 10 *11)
[    0.752447] ACPI: PCI Interrupt Link [LNKB] (IRQs 5 9 *10 11)
[    0.756237] ACPI: PCI Interrupt Link [LNKC] (IRQs 5 *9 10 11)
[    0.768220] ACPI: PCI Interrupt Link [LNKD] (IRQs 5 9 10 *11)
[    0.776006] SCSI subsystem initialized
[    0.780481] pci 0000:00:02.0: vgaarb: setting as boot VGA device
[    0.784000] pci 0000:00:02.0: vgaarb: VGA device added: decodes=io+mem,owns=io+mem,locks=none
[    0.812018] pci 0000:00:02.0: vgaarb: bridge control possible
[    0.816007] vgaarb: loaded
[    0.817207] ACPI: bus type USB registered
[    0.820052] usbcore: registered new interface driver usbfs
[    0.822466] usbcore: registered new interface driver hub
[    0.824043] usbcore: registered new device driver usb
[    0.832106] EDAC MC: Ver: 3.0.0
[    0.840484] PCI: Using ACPI for IRQ routing
[    0.844027] NetLabel: Initializing
[    0.848008] NetLabel:  domain hash size = 128
[    0.849603] NetLabel:  protocols = UNLABELED CIPSOv4 CALIPSO
[    0.852036] NetLabel:  unlabeled traffic allowed by default
[    0.856137] clocksource: Switched to clocksource kvm-clock
[    0.892499] VFS: Disk quotas dquot_6.6.0
[    0.901773] VFS: Dquot-cache hash table entries: 512 (order 0, 4096 bytes)
[    0.905079] AppArmor: AppArmor Filesystem Enabled
[    0.906904] pnp: PnP ACPI init
[    0.915674] pnp: PnP ACPI: found 3 devices
[    0.923019] clocksource: acpi_pm: mask: 0xffffff max_cycles: 0xffffff, max_idle_ns: 2085701024 ns
[    0.927925] NET: Registered protocol family 2
[    0.937091] TCP established hash table entries: 8192 (order: 4, 65536 bytes)
[    0.943504] TCP bind hash table entries: 8192 (order: 5, 131072 bytes)
[    0.950557] TCP: Hash tables configured (established 8192 bind 8192)
[    0.953307] UDP hash table entries: 512 (order: 2, 16384 bytes)
[    0.956007] UDP-Lite hash table entries: 512 (order: 2, 16384 bytes)
[    0.962171] NET: Registered protocol family 1
[    0.970538] pci 0000:00:00.0: Limiting direct PCI/PCI transfers
[    0.972952] pci 0000:00:01.0: Activating ISA DMA hang workarounds
[    0.975567] pci 0000:00:02.0: Video device with shadowed ROM at [mem 0x000c0000-0x000dffff]
[    0.984690] Unpacking initramfs...
[    1.688448] Freeing initrd memory: 19216K
[    1.691151] clocksource: tsc: mask: 0xffffffffffffffff max_cycles: 0x171023f09ff, max_idle_ns: 440795233615 ns
[    1.707925] platform rtc_cmos: registered platform RTC device (no PNP device found)
[    1.716004] Scanning for low memory corruption every 60 seconds
[    1.722138] Initialise system trusted keyrings
[    1.725159] Key type blacklist registered
[    1.727647] workingset: timestamp_bits=36 max_order=18 bucket_order=0
[    1.740733] zbud: loaded
[    1.744802] squashfs: version 4.0 (2009/01/31) Phillip Lougher
[    1.751863] fuse init (API version 7.26)
[    1.779679] Key type asymmetric registered
[    1.783803] Asymmetric key parser 'x509' registered
[    1.787610] Block layer SCSI generic (bsg) driver version 0.4 loaded (major 246)
[    1.792964] io scheduler noop registered
[    1.804786] io scheduler deadline registered
[    1.819147] io scheduler cfq registered (default)
[    1.841928] ACPI: AC Adapter [AC] (off-line)
[    1.850270] input: Power Button as /devices/LNXSYSTM:00/LNXPWRBN:00/input/input0
[    1.859977] ACPI: Power Button [PWRF]
[    1.868251] input: Sleep Button as /devices/LNXSYSTM:00/LNXSLPBN:00/input/input1
[    1.889570] ACPI: Sleep Button [SLPF]
[    1.904017] Serial: 8250/16550 driver, 32 ports, IRQ sharing enabled
[    1.909337] ACPI: Battery Slot [BAT0] (battery present)
[    1.954698] 00:02: ttyS0 at I/O 0x3f8 (irq = 4, base_baud = 115200) is a 16550A
[    1.979474] Linux agpgart interface v0.103
[    1.984848] loop: module loaded
[    1.995164] scsi host0: ata_piix
[    2.004970] scsi host1: ata_piix
[    2.009004] ata1: PATA max UDMA/33 cmd 0x1f0 ctl 0x3f6 bmdma 0xd000 irq 14
[    2.019914] ata2: PATA max UDMA/33 cmd 0x170 ctl 0x376 bmdma 0xd008 irq 15
[    2.023541] libphy: Fixed MDIO Bus: probed
[    2.025473] tun: Universal TUN/TAP device driver, 1.6
[    2.028116] PPP generic driver version 2.4.2
[    2.040025] ehci_hcd: USB 2.0 'Enhanced' Host Controller (EHCI) Driver
[    2.052362] ehci-pci: EHCI PCI platform driver
[    2.058632] ehci-platform: EHCI generic platform driver
[    2.074768] ohci_hcd: USB 1.1 'Open' Host Controller (OHCI) Driver
[    2.077295] ohci-pci: OHCI PCI platform driver
[    2.078852] ohci-platform: OHCI generic platform driver
[    2.087998] uhci_hcd: USB Universal Host Controller Interface driver
[    2.108258] i8042: PNP: PS/2 Controller [PNP0303:PS2K,PNP0f03:PS2M] at 0x60,0x64 irq 1,12
[    2.125863] serio: i8042 KBD port at 0x60,0x64 irq 1
[    2.139261] serio: i8042 AUX port at 0x60,0x64 irq 12
[    2.141360] mousedev: PS/2 mouse device common for all mice
[    2.157104] input: AT Translated Set 2 keyboard as /devices/platform/i8042/serio0/input/input2
[    2.175507] rtc_cmos rtc_cmos: rtc core: registered rtc_cmos as rtc0
[    2.178865] rtc_cmos rtc_cmos: alarms up to one day, 114 bytes nvram
[    2.200474] i2c /dev entries driver
[    2.223155] device-mapper: uevent: version 1.0.3
[    2.225067] device-mapper: ioctl: 4.37.0-ioctl (2017-09-20) initialised: dm-devel@redhat.com
[    2.228280] ledtrig-cpu: registered to indicate activity on CPUs
[    2.238851] NET: Registered protocol family 10
[    2.254877] Segment Routing with IPv6
[    2.259898] NET: Registered protocol family 17
[    2.272575] Key type dns_resolver registered
[    2.275866] mce: Using 0 MCE banks
[    2.277531] RAS: Correctable Errors collector initialized.
[    2.289053] sched_clock: Marking stable (2288940435, 0)->(2890223640, -601283205)
[    2.313482] registered taskstats version 1
[    2.318423] Loading compiled-in X.509 certificates
[    2.323880] Loaded X.509 cert 'Build time autogenerated kernel key: be62403dcace2d46f96dafa9f42421c610ef3c2a'
[    2.327463] zswap: loaded using pool lzo/zbud
[    2.342724] Key type big_key registered
[    2.356957] Key type trusted registered
[    2.377608] Key type encrypted registered
[    2.379695] AppArmor: AppArmor sha1 policy hashing enabled
[    2.387613] ima: No TPM chip found, activating TPM-bypass! (rc=-19)
[    2.395791] ima: Allocated hash algorithm: sha1
[    2.418849] evm: HMAC attrs: 0x1
[    2.423114]   Magic number: 12:769:77
[    2.424728] rtc_cmos rtc_cmos: setting system clock to 2020-11-26 12:05:57 UTC (1606392357)
[    2.428202] BIOS EDD facility v0.16 2004-Jun-25, 0 devices found
[    2.437236] EDD information not available.
[    2.454323] Freeing unused kernel image memory: 2436K
[    2.492222] Write protecting the kernel read-only data: 20480k
[    2.498497] Freeing unused kernel image memory: 2008K
[    2.509368] Freeing unused kernel image memory: 1872K
[    2.523612] x86/mm: Checked W+X mappings: passed, no W+X pages found.
[    2.525950] x86/mm: Checking user space page tables
[    2.540983] x86/mm: Checked W+X mappings: passed, no W+X pages found.
Loading, please wait...
starting version 237
[    2.747409] Fusion MPT base driver 3.04.20
[    2.758096] Copyright (c) 1999-2008 LSI Corporation
[    2.828365] e1000: Intel(R) PRO/1000 Network Driver - version 7.3.21-k8-NAPI
[    2.842721] e1000: Copyright (c) 1999-2006 Intel Corporation.
[    2.893198] AVX2 version of gcm_enc/dec engaged.
[    2.895193] AES CTR mode by8 optimization enabled
[    2.923270] Fusion MPT SPI Host driver 3.04.20
[    3.038707] input: ImExPS/2 Generic Explorer Mouse as /devices/platform/i8042/serio1/input/input4
[    3.867483] e1000 0000:00:03.0 eth0: (PCI:33MHz:32-bit) 02:22:a0:4d:e2:c0
[    3.871243] e1000 0000:00:03.0 eth0: Intel(R) PRO/1000 Network Connection
[    3.876805] mptbase: ioc0: Initiating bringup
[    3.877441] e1000 0000:00:03.0 enp0s3: renamed from eth0
[    3.989383] ioc0: LSI53C1030 A0: Capabilities={Initiator}
[    4.333821] scsi host2: ioc0: LSI53C1030 A0, FwRev=00000000h, Ports=1, MaxQ=256, IRQ=20
[    4.612992] scsi 2:0:0:0: Direct-Access     VBOX     HARDDISK         1.0  PQ: 0 ANSI: 5
[    5.339490] scsi target2:0:0: Beginning Domain Validation
[    5.351227] scsi target2:0:0: Domain Validation skipping write tests
[    5.355471] scsi target2:0:0: Ending Domain Validation
[    5.361848] scsi target2:0:0: asynchronous
[    5.365185] scsi 2:0:1:0: Direct-Access     VBOX     HARDDISK         1.0  PQ: 0 ANSI: 5
[    6.329477] scsi target2:0:1: Beginning Domain Validation
[    6.337522] random: fast init done
[    6.342075] scsi target2:0:1: Domain Validation skipping write tests
[    6.347716] scsi target2:0:1: Ending Domain Validation
[    6.386314] scsi target2:0:1: asynchronous
[    6.402916] random: systemd-udevd: uninitialized urandom read (16 bytes read)
[    6.411106] sd 2:0:0:0: Attached scsi generic sg0 type 0
[    6.419660] random: systemd-udevd: uninitialized urandom read (16 bytes read)
[    6.444207] sd 2:0:0:0: [sda] 20971520 512-byte logical blocks: (10.7 GB/10.0 GiB)
[    6.444643] random: systemd-udevd: uninitialized urandom read (16 bytes read)
[    6.457375] sd 2:0:1:0: Attached scsi generic sg1 type 0
[    6.458266] sd 2:0:1:0: [sdb] 20480 512-byte logical blocks: (10.5 MB/10.0 MiB)
[    6.462174] sd 2:0:0:0: [sda] Write Protect is off
[    6.467874] sd 2:0:1:0: [sdb] Write Protect is off
[    6.479292] sd 2:0:0:0: [sda] Incomplete mode parameter data
[    6.479402] sd 2:0:1:0: [sdb] Incomplete mode parameter data
[    6.482708] sd 2:0:0:0: [sda] Assuming drive cache: write through
[    6.489945] sd 2:0:1:0: [sdb] Assuming drive cache: write through
[    6.505475]  sda: sda1
[    6.508798] sd 2:0:1:0: [sdb] Attached SCSI disk
[    6.513620] sd 2:0:0:0: [sda] Attached SCSI disk
Begin: Loading essential drivers ... [    9.657009] raid6: sse2x1   gen()   408 MB/s
[    9.708471] raid6: sse2x1   xor()  1015 MB/s
[    9.769330] raid6: sse2x2   gen()  3439 MB/s
[    9.834065] raid6: sse2x2   xor()  2425 MB/s
[    9.893721] raid6: sse2x4   gen()  1688 MB/s
[    9.994465] raid6: sse2x4   xor()  1117 MB/s
[   10.056190] raid6: avx2x1   gen()  1104 MB/s
[   10.113777] raid6: avx2x1   xor()   757 MB/s
[   10.183611] raid6: avx2x2   gen()  1173 MB/s
[   10.260104] raid6: avx2x2   xor()  2822 MB/s
[   10.312073] raid6: avx2x4   gen()  6817 MB/s
[   10.415457] raid6: avx2x4   xor()  1545 MB/s
[   10.431437] raid6: using algorithm avx2x4 gen() 6817 MB/s
[   10.453003] raid6: .... xor() 1545 MB/s, rmw enabled
[   10.463708] raid6: using avx2x2 recovery algorithm
[   10.568779] xor: automatically using best checksumming function   avx       
[   10.608643] async_tx: api initialized (async)
done.
Begin: Running /scripts/init-premount ... done.
Begin: Mounting root file system ... Begin: Running /scripts/local-top ... done.
Begin: Running /scripts/local-premount ... [   10.974307] Btrfs loaded, crc32c=crc32c-intel
Scanning for Btrfs filesystems
done.
Warning: fsck not present, so skipping root file system
[   11.170116] EXT4-fs (sda1): mounted filesystem with ordered data mode. Opts: (null)
done.
Begin: Running /scripts/local-bottom ... done.
Begin: Running /scripts/init-bottom ... done.
[   12.285897] ip_tables: (C) 2000-2006 Netfilter Core Team
[   12.405348] systemd[1]: systemd 237 running in system mode. (+PAM +AUDIT +SELINUX +IMA +APPARMOR +SMACK +SYSVINIT +UTMP +LIBCRYPTSETUP +GCRYPT +GNUTLS +ACL +XZ +LZ4 +SECCOMP +BLKID +ELFUTILS +KMOD -IDN2 +IDN -PCRE2 default-hierarchy=hybrid)
[   12.425203] systemd[1]: Detected virtualization oracle.
[   12.427621] systemd[1]: Detected architecture x86-64.

Welcome to [1mUbuntu 18.04.5 LTS[0m!

[   12.523568] systemd[1]: Set hostname to <ubuntu>.
[   12.632021] systemd[1]: Initializing machine ID from random generator.
[   12.635073] systemd[1]: Installed transient /etc/machine-id file.
[   13.220958] random: crng init done
[   13.224791] random: 7 urandom warning(s) missed due to ratelimiting
[   14.403231] systemd[1]: Set up automount Arbitrary Executable File Formats File System Automount Point.
[[0;32m  OK  [0m] Set up automount Arbitrary Executab…rmats File System Automount Point.
[   14.430378] systemd[1]: Reached target Swap.
[[0;32m  OK  [0m] Reached target Swap.
[   14.448458] systemd[1]: Started Forward Password Requests to Wall Directory Watch.
[[0;32m  OK  [0m] Started Forward Password Requests to Wall Directory Watch.
[   14.573428] systemd[1]: Created slice User and Session Slice.
[[0;32m  OK  [0m] Created slice User and Session Slice.
[[0;32m  OK  [0m] Reached target System Time Synchronized.
[[0;32m  OK  [0m] Created slice System Slice.
[[0;32m  OK  [0m] Listening on Network Service Netlink Socket.
[[0;32m  OK  [0m] Listening on /dev/initctl Compatibility Named Pipe.
[[0;32m  OK  [0m] Created slice system-serial\x2dgetty.slice.
[[0;32m  OK  [0m] Listening on Device-mapper event daemon FIFOs.
[[0;32m  OK  [0m] Listening on Journal Audit Socket.
[[0;32m  OK  [0m] Listening on LVM2 metadata daemon socket.
[[0;32m  OK  [0m] Listening on Journal Socket (/dev/log).
[[0;32m  OK  [0m] Listening on udev Kernel Socket.
[[0;32m  OK  [0m] Listening on Syslog Socket.
[[0;32m  OK  [0m] Listening on udev Control Socket.
[[0;32m  OK  [0m] Reached target Slices.
[[0;32m  OK  [0m] Listening on Journal Socket.
         Mounting POSIX Message Queue File System...
         Starting Load Kernel Modules...
         Starting Set the console keyboard layout...
         Starting Uncomplicated firewall...
         Starting Create list of required st…ce nodes for the current kernel...
[   14.871759] Loading iSCSI transport class v2.0-870.
         Starting udev Coldplug all Devices...
         Mounting Kernel Debug File System...
[   14.990178] iscsi: registered transport (tcp)
         Starting Monitoring of LVM2 mirrors…ng dmeventd or progress polling...
         Starting Remount Root and Kernel File Systems...
         Mounting Huge Pages File System...
         Starting Journal Service...
[[0;32m  OK  [0m] Reached target User and Group Name Lookups.
[[0;32m  OK  [0m] Listening on LVM2 poll daemon socket.
[[0;32m  OK  [0m] Mounted POSIX Message Queue File System.
[[0;32m  OK  [0m] Started Uncomplicated firewall.
[[0;32m  OK  [0m] Started Create list of required sta…vice nodes for the current kernel.[   15.332768] EXT4-fs (sda1): re-mounted. Opts: (null)

[[0;32m  OK  [0m] Mounted Kernel Debug File System.
[[0;32m  OK  [0m] Started Remount Root and Kernel File Systems.
[[0;32m  OK  [0m] Mounted Huge Pages File System.
         Starting Load/Save Random Seed...
         Starting Create Static Device Nodes in /dev...
[[0;32m  OK  [0m] Started LVM2 metadata daemon.
[[0;32m  OK  [0m] Started udev Coldplug all Devices.
[[0;32m  OK  [0m] Started Load/Save Random Seed.
[[0;32m  OK  [0m] Started Journal Service.
         Starting Flush Journal to Persistent Storage...
[   16.025137] systemd-journald[416]: Received request to flush runtime journal from PID 1
[   16.033743] iscsi: registered transport (iser)
[[0;32m  OK  [0m] Started Load Kernel Modules.
         Mounting FUSE Control File System...
         Mounting Kernel Configuration File System...
         Starting Apply Kernel Variables...
[[0;32m  OK  [0m] Started Monitoring of LVM2 mirrors,…sing dmeventd or progress polling.
[[0;32m  OK  [0m] Mounted FUSE Control File System.
[[0;32m  OK  [0m] Mounted Kernel Configuration File System.
[[0;32m  OK  [0m] Started Create Static Device Nodes in /dev.
         Starting udev Kernel Device Manager...
[[0;32m  OK  [0m] Started Flush Journal to Persistent Storage.
[[0;32m  OK  [0m] Started Apply Kernel Variables.
[[0;32m  OK  [0m] Started udev Kernel Device Manager.
[[0;32m  OK  [0m] Found device /dev/ttyS0.
[[0;32m  OK  [0m] Listening on Load/Save RF Kill Switch Status /dev/rfkill Watch.
[[0;32m  OK  [0m] Started Set the console keyboard layout.
[[0;32m  OK  [0m] Started Dispatch Password Requests to Console Directory Watch.
[[0;32m  OK  [0m] Reached target Local Encrypted Volumes.
[[0;32m  OK  [0m] Reached target Local File Systems (Pre).
[[0;32m  OK  [0m] Reached target Local File Systems.
         Starting Set console font and keymap...
         Starting Tell Plymouth To Write Out Runtime Data...
         Starting Create Volatile Files and Directories...
         Starting AppArmor initialization...
         Starting Commit a transient machine-id on disk...
         Starting ebtables ruleset management...
[[0;32m  OK  [0m] Started Tell Plymouth To Write Out Runtime Data.
[[0;32m  OK  [0m] Started Create Volatile Files and Directories.
         Starting Update UTMP about System Boot/Shutdown...
[[0;32m  OK  [0m] Started Commit a transient machine-id on disk.
[[0;32m  OK  [0m] Started Update UTMP about System Boot/Shutdown.
[[0;32m  OK  [0m] Started ebtables ruleset management.
[[0;32m  OK  [0m] Started AppArmor initialization.
         Starting Load AppArmor profiles managed internally by snapd...
         Starting Initial cloud-init job (pre-networking)...
[[0;32m  OK  [0m] Started Load AppArmor profiles managed internally by snapd.
[[0;32m  OK  [0m] Started Set console font and keymap.
[   29.133485] cloud-init[785]: Cloud-init v. 20.3-2-g371b392c-0ubuntu1~18.04.1 running 'init-local' at Thu, 26 Nov 2020 12:06:22 +0000. Up 27.79 seconds.
[[0;32m  OK  [0m] Started Initial cloud-init job (pre-networking).
[[0;32m  OK  [0m] Reached target Network (Pre).
         Starting Network Service...
[[0;32m  OK  [0m] Started Network Service.
         Starting Network Name Resolution...
         Starting Wait for Network to be Configured...
[[0;32m  OK  [0m] Started Network Name Resolution.
[[0;32m  OK  [0m] Reached target Host and Network Name Lookups.
[[0;32m  OK  [0m] Reached target Network.
[[0;32m  OK  [0m] Started Wait for Network to be Configured.
         Starting Initial cloud-init job (metadata service crawler)...
[   32.637780] cloud-init[912]: Cloud-init v. 20.3-2-g371b392c-0ubuntu1~18.04.1 running 'init' at Thu, 26 Nov 2020 12:06:27 +0000. Up 32.22 seconds.
[   32.642979] cloud-init[912]: ci-info: ++++++++++++++++++++++++++++++++++++++Net device info++++++++++++++++++++++++++++++++++++++
[   32.651876] cloud-init[912]: ci-info: +--------+------+----------------------------+---------------+--------+-------------------+
[   32.674899] cloud-init[912]: ci-info: | Device |  Up  |          Address           |      Mask     | Scope  |     Hw-Address    |
[   32.688281] cloud-init[912]: ci-info: +--------+------+----------------------------+---------------+--------+-------------------+
[   32.703293] cloud-init[912]: ci-info: | enp0s3 | True |         10.0.2.15          | 255.255.255.0 | global | 02:22:a0:4d:e2:c0 |
[   32.708774] cloud-init[912]: ci-info: | enp0s3 | True | fe80::22:a0ff:fe4d:e2c0/64 |       .       |  link  | 02:22:a0:4d:e2:c0 |
[   32.718800] cloud-init[912]: ci-info: |   lo   | True |         127.0.0.1          |   255.0.0.0   |  host  |         .         |
[   32.723841] cloud-init[912]: ci-info: |   lo   | True |          ::1/128           |       .       |  host  |         .         |
[   32.736424] cloud-init[912]: ci-info: +--------+------+----------------------------+---------------+--------+-------------------+
[   32.740142] cloud-init[912]: ci-info: ++++++++++++++++++++++++++++Route IPv4 info+++++++++++++++++++++++++++++
[   32.743505] cloud-init[912]: ci-info: +-------+-------------+----------+-----------------+-----------+-------+
[   32.759402] cloud-init[912]: ci-info: | Route | Destination | Gateway  |     Genmask     | Interface | Flags |
[   32.775688] cloud-init[912]: ci-info: +-------+-------------+----------+-----------------+-----------+-------+
[   32.783361] cloud-init[912]: ci-info: |   0   |   0.0.0.0   | 10.0.2.2 |     0.0.0.0     |   enp0s3  |   UG  |
[   32.788202] cloud-init[912]: ci-info: |   1   |   10.0.2.0  | 0.0.0.0  |  255.255.255.0  |   enp0s3  |   U   |
[   32.791865] cloud-init[912]: ci-info: |   2   |   10.0.2.2  | 0.0.0.0  | 255.255.255.255 |   enp0s3  |   UH  |
[   32.804706] cloud-init[912]: ci-info: +-------+-------------+----------+-----------------+-----------+-------+
[   32.810869] cloud-init[912]: ci-info: +++++++++++++++++++Route IPv6 info+++++++++++++++++++
[   32.822210] cloud-init[912]: ci-info: +-------+-------------+---------+-----------+-------+
[   32.825443] cloud-init[912]: ci-info: | Route | Destination | Gateway | Interface | Flags |
[   32.836883] cloud-init[912]: ci-info: +-------+-------------+---------+-----------+-------+
[   32.854708] cloud-init[912]: ci-info: |   1   |  fe80::/64  |    ::   |   enp0s3  |   U   |
[   32.858569] cloud-init[912]: ci-info: |   3   |    local    |    ::   |   enp0s3  |   U   |
[   32.864731] cloud-init[912]: ci-info: |   4   |   ff00::/8  |    ::   |   enp0s3  |   U   |
[   32.868509] cloud-init[912]: ci-info: +-------+-------------+---------+-----------+-------+
[   34.683058] cloud-init[912]: Generating public/private rsa key pair.
[   34.694110] cloud-init[912]: Your identification has been saved in /etc/ssh/ssh_host_rsa_key.
[   34.721596] cloud-init[912]: Your public key has been saved in /etc/ssh/ssh_host_rsa_key.pub.
[   34.726776] cloud-init[912]: The key fingerprint is:
[   34.729347] cloud-init[912]: SHA256:akxRP9fCjGeoecy6LtnGGw7LuVFVmlVkCtWTxcyNFTU root@ubuntu-bionic
[   34.756139] cloud-init[912]: The key's randomart image is:
[   34.779161] cloud-init[912]: +---[RSA 2048]----+
[   34.784832] cloud-init[912]: |        . ..+++EB|
[   34.796849] cloud-init[912]: |       . . @ += *|
[   34.798924] cloud-init[912]: |      .   O O .. |
[   34.810710] cloud-init[912]: |       . * = .   |
[   34.816306] cloud-init[912]: |      . S +      |
[   34.825225] cloud-init[912]: |     o o o       |
[[0;32m  OK  [0m] Started Initial cloud-init job (metadata service crawler).
[   34.844920] [[0;32m  OK  [0m] Reached target Network is Online.
cloud-init[912]: |      *+o        |
         Starting Availability of block devices...
[[0;32m  OK  [0m] Reached target Remote File Systems (Pre).
[   34.860346] [[0;32m  OK  [0m] Reached target Remote File Systems.
cloud-init[[912]: [0;32m  OK  [0m|     oo*+o       |] 
Reached target System Initialization.
         Starting Socket activation for snappy daemon.
[[0;32m  OK  [0m] Listening on Open-iSCSI iscsid Socket.
[[0;32m  OK  [0m] Started Message of the Day.
[   34.896644] cloud-init[912]: |      ===.       |
[[0;32m  OK  [0m] Started ACPI Events Check.
[   34.916645] cloud-init[912]: +----[SHA256]-----+
[[0;32m  OK  [0m] Started Discard unused blocks once a week.
[   34.980372] cloud-init[912]: Generating public/private dsa key pair.
[   34.984505] cloud-init[912]: Your identification has been saved in /etc/ssh/ssh_host_dsa_key.
         Starting LXD - unix socket.
[[0;32m  OK  [0m] Listening on UUID daemon activation socket.
[[0;32m  OK  [0m] Started Daily apt download activities.
[[0;32m  OK  [0m] Reached target Paths.
[[0;32m  OK  [0m] Started Daily apt upgrade and clean activities.
[[0;32m  OK  [0m] Started Daily Cleanup of Temporary Directories.
[[0;32m  OK  [0m] Reached target Timers.
[[0;32m  OK  [0m] Listening on ACPID Listen Socket.
[   34.997991] cloud-init[912]: Your public key has been saved in /etc/ssh/ssh_host_dsa_key.pub.
[[0;32m  OK  [0m] Listening on D-Bus System Message Bus Socket.
[[0;32m  OK  [0m] Reached target Cloud-config availability.
[   35.041321] cloud-init[912]: The key fingerprint is:
[[0;32m  OK  [0m] Started Availability of block devices.
[   35.126090] cloud-init[912]: SHA256:Fnt2aqCG8V5kdpBHnQq1zayuac2YTamwA4vGfoX68i0 root@ubuntu-bionic
[[0;32m  OK  [0m] Listening on Socket activation for snappy daemon.
[[0;32m  OK  [0m] Listening on LXD - unix socket.
[[0;32m  OK  [0m] Reached target Sockets.
[[0;32m  OK  [0m] Reached target Basic System.
[   35.128743] cloud-init[912]: The key's randomart image is:
[   35.177530] cloud-init[912]: +---[DSA 1024]----+
         [   35.189085] Starting LSB: automatic crash report generation...cloud-init
[912]: |         .o. .   |
         Starting Pollinate to seed the pseudo random number generator...
[   35.201264] cloud-init[912]: |        .o =o    |
[   35.224762] cloud-init[912]: |        +.o.+    |
[[0;32m  OK  [0m] Started Regular background program processing daemon.
[   35.235851] cloud-init[912]: |         =..     |
[   35.244370] cloud-init[912]: |    ..  S =..    |
         [   35.247652] cloud-init[912]: |    o+o* *oo     |
[   35.247956] cloud-init[912]: | . o.++o.O+      |
[   35.249255] cloud-init[912]: |  * E+o.=++      |
[   35.249424] cloud-init[912]: | o.=o.ooo        |
[   35.249482] cloud-init[912]: +----[SHA256]-----+
[   35.249528] cloud-init[912]: Generating public/private ecdsa key pair.
[   35.249578] cloud-init[912]: Your identification has been saved in /etc/ssh/ssh_host_ecdsa_key.
[   35.249626] cloud-init[912]: Your public key has been saved in /etc/ssh/ssh_host_ecdsa_key.pub.
Starting System Logging Service...
[   35.251563] cloud-init[912]: The key fingerprint is:
[   35.294768] cloud-init[912]: SHA256:1pKp5PsHH3ULB6+Owk/VM6MTMqlxgyeP4UIzWNHzIw0 root@ubuntu-bionic
[   35.309591] cloud-init[912]: The key's randomart image is:
[   35.315757] cloud-init[912]: +---[ECDSA 256]---+
[[0;32m  OK  [0m] Started D-Bus System Message Bus.
[   35.348763] cloud-init[912]: |      ..         |
[   35.356023] cloud-init[912]: |       .E   .    |
[   35.367881] cloud-init[912]: |      .  =   o   |
[   35.373146] cloud-init[912]: |     o  .=+.o.+  |
[   35.382130] cloud-init[912]: |    . = S.Ooo==. |
[   35.385498] cloud-init[912]: |     + *.@.=.o.+ |
[   35.393028] cloud-init[912]: |      +.+oo+o    |
[   35.399344] cloud-init[912]: |       oo.+ ..   |
[   35.407009] cloud-init[912]: |      ...+.      |
[   35.418114] cloud-init[912]: +----[SHA256]-----+
[   35.423998] cloud-init[912]: Generating public/private ed25519 key pair.
[   35.428093] cloud-init[912]: Your identification has been saved in /etc/ssh/ssh_host_ed25519_key.
[   35.439436] cloud-init[912]: Your public key has been saved in /etc/ssh/ssh_host_ed25519_key.pub.
[   35.446806] cloud-init[912]: The key fingerprint is:
[   35.450997] cloud-init[912]: SHA256:ytgVds0HENovn4Q+1V35xFJeaJX9rffp8vOcqmB9p3Q root@ubuntu-bionic
[   35.462668] cloud-init[912]: The key's randomart image is:
[   35.468105] cloud-init[912]: +--[ED25519 256]--+
[   35.480723] cloud-init[912]: |          oo.  o*|
[   35.483584] cloud-init[912]: |         o o .o=+|
[   35.489977] cloud-init[912]: |        + o o.o.B|
[   35.493252] cloud-init[912]: |       . o o o +=|
[   35.495244] cloud-init[912]: |        S o + ..o|
[   35.501397] cloud-init[912]: |     + o ..= .. .|
[   35.506216] cloud-init[912]: |    . +  oo.oo Eo|
[   35.509802] cloud-init[912]: |        . ..o.++o|
[   35.513532] cloud-init[912]: |           ..o=+=|
[   35.524818] cloud-init[912]: +----[SHA256]-----+
[[0;32m  OK  [0m] Started Deferred execution scheduler.
         Starting Dispatcher daemon for systemd-networkd...
         Starting LXD - container startup/shutdown...
         Starting Virtualbox guest utils...
         Starting LSB: Record successful boot for GRUB...
[[0;32m  OK  [0m] Started FUSE filesystem for LXC.
         Starting Accounts Service...
[[0;32m  OK  [0m] Started irqbalance daemon.
         Starting Login Service...
         Starting Permit User Sessions...
         Starting Snap Daemon...
[[0;32m  OK  [0m] Started System Logging Service.
[[0;32m  OK  [0m] Started Permit User Sessions.
         Starting Terminate Plymouth Boot Screen...
         Starting Hold until boot process finishes up...
[[0;32m  OK  [0m] Started Terminate Plymouth Boot Screen.
[[0;32m  OK  [0m] Started Hold until boot process finishes up.
         Starting Set console scheme...
[[0;32m  OK  [0m] Started Serial Getty on ttyS0.
[[0;32m  OK  [0m] Started Set console scheme.
[[0;32m  OK  [0m] Created slice system-getty.slice.
[[0;32m  OK  [0m] Started Getty on tty1.
[[0;32m  OK  [0m] Reached target Login Prompts.
[[0;32m  OK  [0m] Started LSB: automatic crash report generation.
         Starting Authorization Manager...
[[0;32m  OK  [0m] Started LSB: Record successful boot for GRUB.
[[0;32m  OK  [0m] Started Login Service.
[[0;32m  OK  [0m] Started Unattended Upgrades Shutdown.
[[0;32m  OK  [0m] Started Authorization Manager.
[[0;32m  OK  [0m] Started Accounts Service.
[[0;32m  OK  [0m] Started Virtualbox guest utils.
[[0;32m  OK  [0m] Started LXD - container startup/shutdown.
[[0;32m  OK  [0m] Started Dispatcher daemon for systemd-networkd.
[[0;32m  OK  [0m] Started Snap Daemon.
         Starting Wait until snapd is fully seeded...

Ubuntu 18.04.5 LTS ubuntu-bionic ttyS0

ubuntu-bionic login: [   48.026941] cloud-init[1284]: Cloud-init v. 20.3-2-g371b392c-0ubuntu1~18.04.1 running 'modules:config' at Thu, 26 Nov 2020 12:06:40 +0000. Up 45.34 seconds.
ci-info: no authorized SSH keys fingerprints found for user ubuntu.
<14>Nov 26 12:06:50 ec2: 
<14>Nov 26 12:06:50 ec2: #############################################################
<14>Nov 26 12:06:50 ec2: -----BEGIN SSH HOST KEY FINGERPRINTS-----
<14>Nov 26 12:06:50 ec2: 1024 SHA256:Fnt2aqCG8V5kdpBHnQq1zayuac2YTamwA4vGfoX68i0 root@ubuntu-bionic (DSA)
<14>Nov 26 12:06:50 ec2: 256 SHA256:1pKp5PsHH3ULB6+Owk/VM6MTMqlxgyeP4UIzWNHzIw0 root@ubuntu-bionic (ECDSA)
<14>Nov 26 12:06:50 ec2: 256 SHA256:ytgVds0HENovn4Q+1V35xFJeaJX9rffp8vOcqmB9p3Q root@ubuntu-bionic (ED25519)
<14>Nov 26 12:06:50 ec2: 2048 SHA256:akxRP9fCjGeoecy6LtnGGw7LuVFVmlVkCtWTxcyNFTU root@ubuntu-bionic (RSA)
<14>Nov 26 12:06:50 ec2: -----END SSH HOST KEY FINGERPRINTS-----
<14>Nov 26 12:06:50 ec2: #############################################################
-----BEGIN SSH HOST KEY KEYS-----
ecdsa-sha2-nistp256 AAAAE2VjZHNhLXNoYTItbmlzdHAyNTYAAAAIbmlzdHAyNTYAAABBBMK6MaDiJiIb4DVhs5eeiDSITGHYgy6o51cljizSU7XOcO6W8juP12g8T32/kkrxnK5BRkwFkgR8pXE1rvYPOOE= root@ubuntu-bionic
ssh-ed25519 AAAAC3NzaC1lZDI1NTE5AAAAIGIBXy/pBm0MPC/7M0mG+cVYQ3leHm0PvUoRhTRd8Frv root@ubuntu-bionic
ssh-rsa AAAAB3NzaC1yc2EAAAADAQABAAABAQCjf3bOclmDkdJoqu09tx/jbwcgpCa1Or3Dy0zSUik03xdteGUi8tf6nvHjlGl+nlI36qtmVAYAU8IfOaqR39xG716KbhoRS579EwxorcPN53+x1eLI7FwDjeSIpmyKehKk0+kCGqzuHZu6w0WRabSo5VHDHoFSRxK2odad0/O/inFN7wqMRukozm6Vj2xkrFqyh6uY9B6tBeynyw76d2T54JhrPY3LsrVpKLKx4hiw78nmlF+HOM3XNb3NpH7XZpNX0/Bbg/b9My2BYQrfGsEaHY0e0Zbjgc0xagkwiO3ANJPXB6Qib15oSiQryEcII09DABEYVu8wVgPA792OpALB root@ubuntu-bionic
-----END SSH HOST KEY KEYS-----
[   56.227996] cloud-init[1414]: Cloud-init v. 20.3-2-g371b392c-0ubuntu1~18.04.1 running 'modules:final' at Thu, 26 Nov 2020 12:06:49 +0000. Up 54.07 seconds.
[   56.228246] cloud-init[1414]: ci-info: no authorized SSH keys fingerprints found for user ubuntu.
[   56.228339] cloud-init[1414]: Cloud-init v. 20.3-2-g371b392c-0ubuntu1~18.04.1 finished at Thu, 26 Nov 2020 12:06:51 +0000. Datasource DataSourceNoCloud [seed=/dev/sdb][dsmode=net].  Up 56.15 seconds
